<?xml version="1.0" encoding="UTF-8"?>
<!-- Generated by org.testng.reporters.JUnitXMLReporter -->
<testsuite hostname="arupemuk" ignored="0" name="Default test" tests="2" failures="0" timestamp="26 Feb 2019 15:38:11 GMT" time="43.021" errors="0">
  <testcase name="validLoginTest" time="5.093" classname="com.training.sanity.tests.TeacherAssignStudentRateELTC_035_Test"/>
  <testcase name="validCoursecreation" time="26.04" classname="com.training.sanity.tests.TeacherAssignStudentRateELTC_035_Test"/>
</testsuite> <!-- Default test -->
